[2025-08-15 01:05:02.019] [info] Using configuration file /home/rsx/.config/waybar/config.jsonc
[2025-08-15 01:05:02.025] [info] Discovered appearance 'dark'
[2025-08-15 01:05:02.076] [info] Using CSS file /home/rsx/.config/waybar/style.css
[2025-08-15 01:05:02.092] [info] Hyprland IPC starting
[2025-08-15 01:05:02.094] [info] Loading persistent workspaces from Hyprland workspace rules
[2025-08-15 01:05:02.102] [warning] 'swap-icon-label' must be a bool.
No players found
[2025-08-15 01:05:02.192] [info] Loading persistent workspaces from Hyprland workspace rules
[2025-08-15 01:05:02.199] [warning] 'swap-icon-label' must be a bool.
No players found
[2025-08-15 01:05:02.414] [info] Bar configured (width: 1920, height: 28) for output: eDP-1
[2025-08-15 01:05:02.414] [info] Bar configured (width: 1920, height: 28) for output: HDMI-A-1
[2025-08-15 01:05:10.702] [info] Using configuration file /home/rsx/.config/waybar/config.jsonc
[2025-08-15 01:05:10.709] [info] Discovered appearance 'dark'
[2025-08-15 01:05:10.766] [info] Using CSS file /home/rsx/.config/waybar/style.css
[2025-08-15 01:05:10.782] [info] Hyprland IPC starting
[2025-08-15 01:05:10.784] [info] Loading persistent workspaces from Hyprland workspace rules
[2025-08-15 01:05:10.793] [warning] 'swap-icon-label' must be a bool.
No players found
[2025-08-15 01:05:10.895] [info] Loading persistent workspaces from Hyprland workspace rules
[2025-08-15 01:05:10.903] [warning] 'swap-icon-label' must be a bool.
No players found
[2025-08-15 01:05:11.129] [info] Bar configured (width: 1920, height: 28) for output: eDP-1
[2025-08-15 01:05:11.129] [info] Bar configured (width: 1920, height: 28) for output: HDMI-A-1
No players found
No players found
No players found
No players found
No players found
No players found
No players found
No players found
No players found
No players found
No players found
No players found
No players found
No players found
No players found
No players found
No players found
No players found
No players found
No players found
No players found
No players found
No players found
No players found
No players found
No players found
No players found
No players found
No players found
No players found
No players found
No players found
No players found
No players found
No players found
No players found
No players found
No players found
No players found
No players found
No players found
No players found
No players found
No players found
No players found
No players found
No players found
No players found
No players found
No players found
No players found
No players found
No players found
No players found
No players found
No players found
No players found
No players found
No players found
No players found
No players found
No players found
No players found
No players found
No players found
No players found
No players found
No players found
No players found
No players found
No players found
No players found
No players found
No players found
No players found
No players found
No players found
No players found
No players found
No players found
No players found
No players found
No players found
No players found
No players found
No players found
No players found
No players found
No players found
No players found
No players found
No players found
No players found
No players found
No players found
No players found
No players found
No players found
No players found
No players found
No players found
No players found
No players found
No players found
No players found
No players found
No players found
No players found
No players found
No players found
No players found
No players found
No players found
No players found
No players found
No players found
No players found
No players found
No players found
No players found
No players found
No players found
No players found
No players found
No players found
No players found
No players found
No players found
No players found
No players found
No players found
No players found
No players found
No players found
No players found
No players found
No players found
No players found
No players found
No players found
No players found
No players found
No players found
No players found
No players found
No players found
No players found
No players found
No players found
No players found
No players found
No players found
No players found
No players found
No players found
No players found
No players found
No players found
No players found
No players found
No players found
No players found
No players found
No players found
No players found
No players found
No players found
No players found
No players found
No players found
No players found
No players found
No players found
No players found
No players found
No players found
No players found
No players found
No players found
No players found
No players found
No players found
No players found
No players found
No players found
No players found
No players found
No players found
No players found
No players found
No players found
No players found
No players found
No players found
No players found
No players found
No players found
No players found
No players found
No players found
No players found
No players found
No players found
No players found
No players found
No players found
No players found
No players found
No players found
No players found
No players found
No players found
No players found
No players found
No players found
No players found
No players found
No players found
No players found
No players found
No players found
No players found
No players found
No players found
No players found
No players found
No players found
No players found
No players found
No players found
No players found
No players found
No players found
No players found
No players found
No players found
No players found
No players found
No players found
No players found
No players found
No players found
No players found
No players found
No players found
No players found
No players found
No players found
No players found
No players found
No players found
No players found
No players found
No players found
No players found
No players found
No players found
No players found
No players found
No players found
No players found
No players found
No players found
No players found
No players found
No players found
No players found
No players found
No players found
No players found
No players found
No players found
No players found
No players found
No players found
No players found
No players found
No players found
No players found
No players found
No players found
No players found
No players found
No players found
No players found
No players found
No players found
No players found
No players found
No players found
No players found
No players found
No players found
No players found
No players found
No players found
No players found
No players found
No players found
No players found
Gdk-Message: 01:17:45.542: Error reading events from display: Broken pipe
[2025-08-15 11:30:48.078] [info] Using configuration file /home/rsx/.config/waybar/config.jsonc
[2025-08-15 11:30:48.085] [info] Discovered appearance 'dark'
[2025-08-15 11:30:48.136] [info] Using CSS file /home/rsx/.config/waybar/style.css
[2025-08-15 11:30:48.150] [info] Hyprland IPC starting
[2025-08-15 11:30:48.152] [info] Loading persistent workspaces from Hyprland workspace rules
[2025-08-15 11:30:48.160] [warning] 'swap-icon-label' must be a bool.
No players found
[2025-08-15 11:30:48.432] [info] Bar configured (width: 1920, height: 28) for output: eDP-1
No players found
No players found
No players found
C 11:31:07.697564        pwvucontrol src/backend/pwdeviceobject.rs:218:: Unable to get model index from profile index.
C 11:31:07.699875        pwvucontrol src/backend/pwdeviceobject.rs:218:: Unable to get model index from profile index.
No players found
[2025-08-15 11:31:09.786] [warning] [wireplumber]: (onMixerChanged: Audio/Sink) - Object with id 97 not found
[2025-08-15 11:31:09.786] [warning] [wireplumber]: (onMixerChanged: Audio/Sink) - Object with id 96 not found
[2025-08-15 11:31:09.804] [warning] [wireplumber]: (onMixerChanged: Audio/Sink) - Object with id 97 not found
[2025-08-15 11:31:09.817] [warning] [wireplumber]: (onMixerChanged: Audio/Sink) - Object with id 97 not found
[2025-08-15 11:31:09.898] [warning] [wireplumber]: (onMixerChanged: Audio/Sink) - Object with id 96 not found
[2025-08-15 11:31:09.919] [warning] [wireplumber]: (onMixerChanged: Audio/Sink) - Object with id 96 not found
No players found
No players found
No players found
No players found
No players found
No players found
No players found
No players found
C 11:31:50.303875        pwvucontrol src/backend/pwdeviceobject.rs:218:: Unable to get model index from profile index.
C 11:31:50.308042        pwvucontrol src/backend/pwdeviceobject.rs:218:: Unable to get model index from profile index.
[2025-08-15 11:31:52.064] [warning] [wireplumber]: (onMixerChanged: Audio/Sink) - Object with id 160 not found
[2025-08-15 11:31:52.064] [warning] [wireplumber]: (onMixerChanged: Audio/Sink) - Object with id 158 not found
[2025-08-15 11:31:52.097] [warning] [wireplumber]: (onMixerChanged: Audio/Sink) - Object with id 160 not found
[2025-08-15 11:31:52.197] [warning] [wireplumber]: (onMixerChanged: Audio/Sink) - Object with id 160 not found
[2025-08-15 11:31:52.207] [warning] [wireplumber]: (onMixerChanged: Audio/Sink) - Object with id 158 not found
[2025-08-15 11:31:52.298] [warning] [wireplumber]: (onMixerChanged: Audio/Sink) - Object with id 158 not found
No players found
No players found
No players found
No players found
No players found
No players found
No players found
No players found
No players found
[2025-08-15 11:32:34.218] [warning] [wireplumber]: (onMixerChanged: Audio/Sink) - Object with id 96 not found
[2025-08-15 11:32:34.321] [warning] [wireplumber]: (onMixerChanged: Audio/Sink) - Object with id 96 not found
[2025-08-15 11:35:33.410] [warning] [wireplumber]: (onMixerChanged: Audio/Sink) - Object with id 96 not found
[2025-08-15 11:35:33.435] [warning] [wireplumber]: (onMixerChanged: Audio/Sink) - Object with id 96 not found
[2025-08-15 11:35:33.452] [warning] [wireplumber]: (onMixerChanged: Audio/Sink) - Object with id 96 not found
No players found
No players found
No players found
No players found
No players found
No players found
No players found
No players found
No players found
No players found
No players found
No players found
No players found
No players found
No players found
No players found
No players found
No players found
No players found
No players found
No players found
No players found
No players found
No players found
No players found
No players found
No players found
No players found
No players found
No players found
No players found
No players found
No players found
No players found
No players found
No players found
No players found
No players found
No players found
No players found
No players found
No players found
No players found
No players found
No players found
No players found
No players found
No players found
No players found
No players found
No players found
No players found
No players found
No players found
No players found
No players found
No players found
No players found
No players found
No players found
No players found
No players found
No players found
No players found
No players found
No players found
No players found
No players found
No players found
No players found
No players found
No players found
No players found
No players found
No players found
No players found
No players found
No players found
No players found
No players found
No players found
No players found
No players found
No players found
No players found
No players found
No players found
No players found
No players found
No players found
No players found
No players found
No players found
No players found
No players found
No players found
No players found
No players found
No players found
No players found
No players found
No players found
No players found
No players found
No players found
No players found
No players found
No players found
No players found
No players found
C 11:45:48.370614        pwvucontrol src/backend/pwdeviceobject.rs:218:: Unable to get model index from profile index.
C 11:45:48.372199        pwvucontrol src/backend/pwdeviceobject.rs:218:: Unable to get model index from profile index.
No players found
[2025-08-15 11:45:49.794] [warning] [wireplumber]: (onMixerChanged: Audio/Sink) - Object with id 67 not found
[2025-08-15 11:45:49.794] [warning] [wireplumber]: (onMixerChanged: Audio/Sink) - Object with id 66 not found
[2025-08-15 11:45:49.826] [warning] [wireplumber]: (onMixerChanged: Audio/Sink) - Object with id 67 not found
[2025-08-15 11:45:49.831] [warning] [wireplumber]: (onMixerChanged: Audio/Sink) - Object with id 67 not found
[2025-08-15 11:45:49.835] [warning] [wireplumber]: (onMixerChanged: Audio/Sink) - Object with id 66 not found
[2025-08-15 11:45:49.845] [warning] [wireplumber]: (onMixerChanged: Audio/Sink) - Object with id 66 not found
No players found
No players found
No players found
No players found
No players found
No players found
No players found
No players found
No players found
No players found
No players found
No players found
No players found
No players found
No players found
No players found
No players found
No players found
No players found
No players found
No players found
No players found
No players found
No players found
No players found
No players found
No players found
No players found
No players found
No players found
No players found
No players found
No players found
No players found
No players found
No players found
No players found
No players found
No players found
No players found
No players found
No players found
No players found
No players found
No players found
No players found
No players found
No players found
No players found
No players found
No players found
No players found
No players found
No players found
No players found
No players found
No players found
No players found
No players found
No players found
No players found
No players found
No players found
No players found
No players found
No players found
No players found
No players found
No players found
No players found
No players found
No players found
No players found
No players found
No players found
No players found
No players found
No players found
No players found
No players found
No players found
No players found
No players found
No players found
No players found
No players found
No players found
No players found
No players found
No players found
No players found
No players found
No players found
No players found
No players found
No players found
No players found
No players found
No players found
No players found
No players found
No players found
No players found
No players found
No players found
No players found
No players found
No players found
No players found
No players found
No players found
No players found
No players found
No players found
No players found
No players found
No players found
No players found
No players found
No players found
No players found
